<?xml version="1.0" encoding="UTF-8"?>
<testng-results ignored="0" total="1" passed="1" failed="0" skipped="0">
  <reporter-output>
  </reporter-output>
  <suite started-at="2023-05-25T09:35:36 IST" name="Default suite" finished-at="2023-05-25T09:35:54 IST" duration-ms="17913">
    <groups>
    </groups>
    <test started-at="2023-05-25T09:35:36 IST" name="Default test" finished-at="2023-05-25T09:35:54 IST" duration-ms="17913">
      <class name="testScripts.SendContactDetailsTest">
        <test-method is-config="true" signature="classConfig()[pri:0, instance:testScripts.SendContactDetailsTest@4d465b11]" started-at="2023-05-25T09:35:36 IST" name="classConfig" finished-at="2023-05-25T09:35:37 IST" duration-ms="1225" status="PASS">
          <reporter-output>
          </reporter-output>
        </test-method> <!-- classConfig -->
        <test-method is-config="true" signature="methodConfig()[pri:0, instance:testScripts.SendContactDetailsTest@4d465b11]" started-at="2023-05-25T09:35:37 IST" name="methodConfig" finished-at="2023-05-25T09:35:43 IST" duration-ms="5853" status="PASS">
          <reporter-output>
          </reporter-output>
        </test-method> <!-- methodConfig -->
        <test-method signature="sendContactDetailsTest()[pri:0, instance:testScripts.SendContactDetailsTest@4d465b11]" started-at="2023-05-25T09:35:43 IST" name="sendContactDetailsTest" finished-at="2023-05-25T09:35:54 IST" duration-ms="10424" status="PASS">
          <reporter-output>
          </reporter-output>
        </test-method> <!-- sendContactDetailsTest -->
        <test-method is-config="true" signature="methodTearDown()[pri:0, instance:testScripts.SendContactDetailsTest@4d465b11]" started-at="2023-05-25T09:35:54 IST" name="methodTearDown" finished-at="2023-05-25T09:35:54 IST" duration-ms="333" status="PASS">
          <reporter-output>
          </reporter-output>
        </test-method> <!-- methodTearDown -->
        <test-method is-config="true" signature="classTearDown()[pri:0, instance:testScripts.SendContactDetailsTest@4d465b11]" started-at="2023-05-25T09:35:54 IST" name="classTearDown" finished-at="2023-05-25T09:35:54 IST" duration-ms="1" status="PASS">
          <reporter-output>
          </reporter-output>
        </test-method> <!-- classTearDown -->
      </class> <!-- testScripts.SendContactDetailsTest -->
    </test> <!-- Default test -->
  </suite> <!-- Default suite -->
</testng-results>
